app/proguard-rules.pro
-keep class com.olapp.data.model.** { *; }
-keepattributes Signature
-keepattributes *Annotation*