app/build/outputs/mapping/release/seeds.txt
com.olapp.ble.BootReceiver
com.olapp.data.local.dao.MatchDao
com.olapp.data.local.OlaDatabase
com.olapp.data.model.ContactEntry
com.olapp.data.local.entity.MatchEntity
com.olapp.data.model.ContactPlatform
com.olapp.data.local.entity.SentOlaEntity
com.olapp.data.model.SentOla
com.olapp.data.local.dao.UserProfileDao
com.olapp.data.local.entity.UserProfileEntity
com.olapp.data.model.ContactParser
com.olapp.data.local.dao.BlockedUserDao
com.olapp.data.model.ReceivedOla
com.olapp.ble.BootReceiver_GeneratedInjector
com.olapp.OlaApplication_GeneratedInjector
com.olapp.OlaApplication
com.olapp.data.model.ContactParser$format$2
com.olapp.data.model.UserProfile
com.olapp.data.local.entity.BlockedUserEntity
com.olapp.ble.BleForegroundService
com.olapp.data.local.dao.SentOlaDao
com.olapp.data.local.entity.ReceivedOlaEntity
com.olapp.MainActivity
com.olapp.data.model.Match
com.olapp.data.local.OlaDatabase_Impl
com.olapp.MainActivity_GeneratedInjector
com.olapp.data.local.dao.ReceivedOlaDao
com.olapp.ble.BleForegroundService_GeneratedInjector
com.olapp.data.model.ContactParser$WhenMappings
com.olapp.data.model.SentOla: long timestamp
com.olapp.data.model.UserProfile: java.lang.String bleToken
com.olapp.data.model.Match: java.lang.String otherPhotoUrl
com.olapp.data.model.SentOla: java.lang.Double latitude
com.olapp.data.model.ContactPlatform: com.olapp.data.model.ContactPlatform OTHER
com.olapp.data.model.SentOla: java.lang.String receiverDescription
com.olapp.data.model.Match: java.lang.String otherContactInfo
com.olapp.data.model.ContactParser: com.olapp.data.model.ContactParser INSTANCE
com.olapp.data.model.SentOla: java.lang.String receiverBleToken
com.olapp.data.model.UserProfile: java.lang.String uid
com.olapp.data.model.ContactPlatform: com.olapp.data.model.ContactPlatform TIKTOK
com.olapp.data.model.ContactPlatform: com.olapp.data.model.ContactPlatform[] $VALUES
com.olapp.data.model.ContactEntry: java.lang.String value
com.olapp.data.model.ReceivedOla: int $stable
com.olapp.data.model.ReceivedOla: java.lang.String senderContactInfo
com.olapp.data.model.UserProfile: java.lang.String description
com.olapp.data.model.UserProfile: boolean discoveryEnabled
com.olapp.data.model.ReceivedOla: java.lang.Double longitude
com.olapp.data.model.Match: java.lang.Double latitude
com.olapp.data.model.ContactPlatform: com.olapp.data.model.ContactPlatform LINKEDIN
com.olapp.data.model.ContactPlatform: com.olapp.data.model.ContactPlatform SNAPCHAT
com.olapp.data.model.ReceivedOla: java.lang.String senderDisplayName
com.olapp.data.model.UserProfile: java.lang.String displayName
com.olapp.data.model.ReceivedOla: java.lang.Double latitude
com.olapp.data.model.ContactPlatform: com.olapp.data.model.ContactPlatform INSTAGRAM
com.olapp.data.model.UserProfile: java.lang.String photoUrl
com.olapp.data.model.ContactEntry: int $stable
com.olapp.data.model.Match: int $stable
com.olapp.data.model.SentOla: int $stable
com.olapp.data.model.Match: java.lang.String otherBleToken
com.olapp.data.model.SentOla: java.lang.String receiverPhotoUrl
com.olapp.data.model.SentOla: java.lang.Double longitude
com.olapp.data.model.UserProfile: boolean photoIsSelfie
com.olapp.data.model.SentOla: java.lang.String receiverDisplayName
com.olapp.data.model.Match: java.lang.String otherDisplayName
com.olapp.data.model.ContactParser$WhenMappings: int[] $EnumSwitchMapping$0
com.olapp.data.model.ContactEntry: com.olapp.data.model.ContactPlatform platform
com.olapp.data.model.ContactPlatform: java.lang.String label
com.olapp.data.model.ContactPlatform: com.olapp.data.model.ContactPlatform TWITTER
com.olapp.data.model.ReceivedOla: java.lang.String senderBleToken
com.olapp.data.model.SentOla: java.lang.String id
com.olapp.data.model.ContactPlatform: com.olapp.data.model.ContactPlatform FACEBOOK
com.olapp.data.model.ReceivedOla: java.lang.String senderDescription
com.olapp.data.model.ContactParser$format$2: com.olapp.data.model.ContactParser$format$2 INSTANCE
...
com.google.android.gms.internal.mlkit_vision_internal_vkp.zzazo: java.lang.String zzh
com.google.android.gms.internal.mlkit_vision_internal_vkp.zzey: java.lang.String zze
com.google.android.libraries.vision.visionkit.pipeline.zzdu: boolean zzR
com.google.android.gms.internal.mlkit_vision_internal_vkp.zzbqm: com.google.android.gms.internal.mlkit_vision_internal_vkp.zzbhv zzm
com.google.android.gms.internal.mlkit_vision_internal_vkp.zzbbr: float zzB
kotlinx.coroutines.sync.SemaphoreAndMutexImpl: java.lang.Object tail$volatile
com.google.android.gms.internal.mlkit_vision_internal_vkp.zzbbr: int zzd
com.google.android.gms.internal.mlkit_vision_internal_vkp.zzbpe: float zzh
com.google.android.gms.internal.mlkit_vision_internal_vkp.zzbpt: float zzh
com.google.android.gms.internal.mlkit_vision_internal_vkp.zzble: java.lang.String zzg
com.google.android.libraries.vision.visionkit.pipeline.zzj: int zze
com.google.android.gms.internal.mlkit_vision_internal_vkp.zzbal: com.google.android.gms.internal.mlkit_vision_internal_vkp.zzazv zzh
com.google.android.libraries.vision.visionkit.pipeline.PipelineException: java.lang.String statusMessage
com.google.android.libraries.vision.visionkit.pipeline.zzdu: com.google.android.libraries.vision.visionkit.pipeline.zzef zzv
com.google.android.gms.internal.mlkit_vision_internal_vkp.zzbuy: java.lang.String zzk
androidx.datastore.preferences.PreferencesProto$Value: int INTEGER_FIELD_NUMBER
com.google.android.gms.internal.mlkit_vision_internal_vkp.zzbpl: long zzp
com.google.android.gms.nearby.messages.internal.zzbt: com.google.android.gms.common.api.internal.ListenerHolder zzb
com.google.android.gms.internal.mlkit_vision_internal_vkp.zznl: com.google.android.gms.internal.mlkit_vision_internal_vkp.zzbet zzf
com.google.android.gms.internal.mlkit_vision_internal_vkp.zzbqz: byte zzf
com.google.mlkit.common.sdkinternal.model.RemoteModelLoader: com.google.mlkit.common.model.RemoteModel zzd
com.google.android.gms.internal.mlkit_vision_internal_vkp.zzfh: com.google.android.gms.internal.mlkit_vision_internal_vkp.zzfh zzb
com.google.android.gms.internal.mlkit_vision_internal_vkp.zzdm: com.google.android.gms.internal.mlkit_vision_internal_vkp.zzdm zzb
com.google.android.gms.nearby.messages.Strategy$Builder: int zza
kotlinx.coroutines.channels.BufferedChannel: long sendersAndCloseStatus$volatile
com.google.mlkit.vision.face.FaceContour: int LEFT_CHEEK
com.google.android.gms.internal.mlkit_vision_internal_vkp.zzpx: boolean zzg
com.google.android.gms.internal.mlkit_vision_internal_vkp.zzbjy: java.lang.String zzf
com.google.android.gms.internal.mlkit_vision_internal_vkp.zzacl: com.google.android.gms.internal.mlkit_vision_internal_vkp.zzut zzf
com.google.android.gms.internal.mlkit_vision_internal_vkp.zzboj: com.google.android.gms.internal.mlkit_vision_internal_vkp.zzbns zzE
com.google.android.gms.internal.mlkit_vision_internal_vkp.zzbvd: float zze
com.google.android.gms.nearby.messages.Strategy: int TTL_SECONDS_INFINITE
com.google.android.gms.internal.mlkit_vision_internal_vkp.zzmd: int zzh
com.google.android.gms.internal.mlkit_vision_internal_vkp.zzxm: int zzg
com.google.android.libraries.vision.visionkit.pipeline.zzcc: long zzg
com.google.android.gms.internal.mlkit_vision_internal_vkp.zzmc: com.google.android.gms.internal.mlkit_vision_internal_vkp.zzly zzk
com.google.android.gms.internal.mlkit_vision_internal_vkp.zzboj: int zze
com.google.android.gms.internal.mlkit_vision_internal_vkp.zzdm: int zzd
com.google.android.gms.internal.mlkit_vision_internal_vkp.zzbre: boolean zzi
com.google.android.gms.internal.mlkit_vision_internal_vkp.zzaaj: com.google.android.gms.internal.mlkit_vision_internal_vkp.zzaaj zzb
com.google.android.gms.location.LocationResult: android.os.Parcelable$Creator CREATOR
com.google.android.gms.internal.mlkit_vision_internal_vkp.zzik: int zzj
com.google.android.gms.internal.mlkit_vision_internal_vkp.zzbod: int zze